<?xml version="1.0" encoding="UTF-8"?>
<!-- Generated by org.testng.reporters.JUnitReportReporter -->
<testsuite hostname="Mohan.local" name="VisionTestCases.WebTestCases" tests="1" failures="0" timestamp="29 Sep 2017 13:42:50 GMT" time="25.329" errors="0">
  <testcase name="loginTestCase" time="25.329" classname="VisionTestCases.WebTestCases"/>
</testsuite> <!-- VisionTestCases.WebTestCases -->
