<?xml version="1.0" encoding="UTF-8"?>
<!-- Generated by org.testng.reporters.JUnitReportReporter -->
<testsuite hostname="Mohan" name="Example.Sample" tests="1" failures="0" timestamp="28 Sep 2017 10:55:52 GMT" time="4.652" errors="0">
  <testcase name="testEasy" time="4.652" classname="Example.Sample"/>
</testsuite> <!-- Example.Sample -->
