<?xml version="1.0" encoding="UTF-8"?>
<!-- Generated by org.testng.reporters.JUnitReportReporter -->
<testsuite hostname="Mohan" name="Breg.VisionTestCases.WebTestCases" tests="1" failures="0" timestamp="29 Sep 2017 10:06:19 GMT" time="8.686" errors="0">
  <testcase name="loginTestCase" time="8.686" classname="Breg.VisionTestCases.WebTestCases"/>
</testsuite> <!-- Breg.VisionTestCases.WebTestCases -->
