<?xml version="1.0" encoding="UTF-8"?>
<!-- Generated by org.testng.reporters.JUnitReportReporter -->
<testsuite hostname="Mohan.local" name="Example.Sample" tests="1" failures="0" timestamp="22 Sep 2017 12:05:58 GMT" time="5.897" errors="0">
  <testcase name="testEasy" time="5.897" classname="Example.Sample"/>
</testsuite> <!-- Example.Sample -->
