<?xml version="1.0" encoding="UTF-8"?>
<!-- Generated by org.testng.reporters.JUnitReportReporter -->
<testsuite hostname="Mohan" name="Breg.VisionTestCases.WebTestCases" tests="1" failures="0" timestamp="29 Sep 2017 09:56:51 GMT" time="30.347" errors="0">
  <testcase name="LoginTestCase" time="30.347" classname="Breg.VisionTestCases.WebTestCases"/>
</testsuite> <!-- Breg.VisionTestCases.WebTestCases -->
