<?xml version="1.0" encoding="UTF-8"?>
<!-- Generated by org.testng.reporters.JUnitReportReporter -->
<testsuite hostname="Mohan.local" name="VisionTestCases.WebTestCases" tests="1" failures="0" timestamp="5 Oct 2017 06:20:52 GMT" time="42.707" errors="0">
  <testcase name="loginTestCase" time="42.707" classname="VisionTestCases.WebTestCases"/>
</testsuite> <!-- VisionTestCases.WebTestCases -->
