<?xml version="1.0" encoding="UTF-8"?>
<!-- Generated by org.testng.reporters.JUnitReportReporter -->
<testsuite hostname="Mohan" name="Breg.VisionTestCases.WebTestCases" tests="1" failures="0" timestamp="29 Sep 2017 10:23:10 GMT" time="9.988" errors="0">
  <testcase name="loginTestCase" time="9.988" classname="Breg.VisionTestCases.WebTestCases"/>
</testsuite> <!-- Breg.VisionTestCases.WebTestCases -->
